#
# There is insufficient memory for the Java Runtime Environment to continue.
# Native memory allocation (mmap) failed to map 715849728 bytes for committing reserved memory.
# Possible reasons:
#   The system is out of physical RAM or swap space
#   The process is running with CompressedOops enabled, and the Java Heap may be blocking the growth of the native heap
# Possible solutions:
#   Reduce memory load on the system
#   Increase physical memory or swap space
#   Check if swap backing store is full
#   Decrease Java heap size (-Xmx/-Xms)
#   Decrease number of Java threads
#   Decrease Java thread stack sizes (-Xss)
#   Set larger code cache with -XX:ReservedCodeCacheSize=
# This output file may be truncated or incomplete.
#
#  Out of Memory Error (os_linux.cpp:2754), pid=71, tid=0x00007fe9eda87700
#
# JRE version:  (8.0_222-b10) (build )
# Java VM: OpenJDK 64-Bit Server VM (25.222-b10 mixed mode linux-amd64 compressed oops)
# Core dump written. Default location: /root/core or core.71
#

---------------  T H R E A D  ---------------

Current thread (0x00007fe9e400a800):  JavaThread "Unknown thread" [_thread_in_vm, id=72, stack(0x00007fe9ed988000,0x00007fe9eda88000)]

Stack: [0x00007fe9ed988000,0x00007fe9eda88000],  sp=0x00007fe9eda86380,  free space=1016k
Native frames: (J=compiled Java code, j=interpreted, Vv=VM code, C=native code)
V  [libjvm.so+0xa4bf9d]  VMError::report_and_die()+0x15d
V  [libjvm.so+0x4e13f9]  report_vm_out_of_memory(char const*, int, unsigned long, VMErrorType, char const*)+0x99
V  [libjvm.so+0x8bb9d3]  os::Linux::commit_memory_impl(char*, unsigned long, bool)+0x113
V  [libjvm.so+0x8bbbf9]  os::pd_commit_memory(char*, unsigned long, unsigned long, bool)+0x29
V  [libjvm.so+0x8b07fa]  os::commit_memory(char*, unsigned long, unsigned long, bool)+0x2a
V  [libjvm.so+0xa48918]  _ZN12VirtualSpace9expand_byEmb.clone.1+0x188
V  [libjvm.so+0x5ceb89]  CardGeneration::CardGeneration(ReservedSpace, unsigned long, int, GenRemSet*)+0xf9
V  [libjvm.so+0x9f29af]  TenuredGeneration::TenuredGeneration(ReservedSpace, unsigned long, int, GenRemSet*)+0x5f
V  [libjvm.so+0x5cf81c]  GenerationSpec::init(ReservedSpace, int, GenRemSet*)+0xdc
V  [libjvm.so+0x5bedb6]  GenCollectedHeap::initialize()+0x1e6
V  [libjvm.so+0xa16311]  Universe::initialize_heap()+0x101
V  [libjvm.so+0xa173c3]  universe_init()+0x33
V  [libjvm.so+0x60f655]  init_globals()+0x55
V  [libjvm.so+0x9fbd37]  Threads::create_vm(JavaVMInitArgs*, bool*)+0x207
V  [libjvm.so+0x672ff4]  JNI_CreateJavaVM+0x74
C  [libjli.so+0x76c7]  JavaMain+0x87
C  [libpthread.so.0+0x74a4]  start_thread+0xc4


---------------  P R O C E S S  ---------------

Java Threads: ( => current thread )

Other Threads:

=>0x00007fe9e400a800 (exited) JavaThread "Unknown thread" [_thread_in_vm, id=72, stack(0x00007fe9ed988000,0x00007fe9eda88000)]

VM state:not at safepoint (not fully initialized)

VM Mutex/Monitor currently owned by a thread: None

heap address: 0x00000000c0000000, size: 1024 MB, Compressed Oops mode: Non-zero based:0x00000000bffff000
Narrow klass base: 0x0000000000000000, Narrow klass shift: 0

GC Heap History (0 events):
No events

Deoptimization events (0 events):
No events

Classes redefined (0 events):
No events

Internal exceptions (0 events):
No events

Events (0 events):
No events


Dynamic libraries:
00400000-00401000 r-xp 00000000 08:01 3854                               /usr/local/openjdk-8/bin/java
00600000-00601000 r--p 00000000 08:01 3854                               /usr/local/openjdk-8/bin/java
00601000-00602000 rw-p 00001000 08:01 3854                               /usr/local/openjdk-8/bin/java
00fd4000-00ff5000 rw-p 00000000 00:00 0                                  [heap]
c0000000-d5550000 rw-p 00000000 00:00 0 
7fe9dc000000-7fe9dc270000 rwxp 00000000 00:00 0 
7fe9dc270000-7fe9e4000000 ---p 00000000 00:00 0 
7fe9e4000000-7fe9e4036000 rw-p 00000000 00:00 0 
7fe9e4036000-7fe9e8000000 ---p 00000000 00:00 0 
7fe9ea605000-7fe9ea839000 rw-p 00000000 00:00 0 
7fe9ea839000-7fe9ea98e000 ---p 00000000 00:00 0 
7fe9ea98e000-7fe9ea999000 rw-p 00000000 00:00 0 
7fe9ea999000-7fe9eab8f000 ---p 00000000 00:00 0 
7fe9eab8f000-7fe9eabaa000 r-xp 00000000 08:01 4310                       /usr/local/openjdk-8/jre/lib/amd64/libzip.so
7fe9eabaa000-7fe9eada9000 ---p 0001b000 08:01 4310                       /usr/local/openjdk-8/jre/lib/amd64/libzip.so
7fe9eada9000-7fe9eadaa000 r--p 0001a000 08:01 4310                       /usr/local/openjdk-8/jre/lib/amd64/libzip.so
7fe9eadaa000-7fe9eadab000 rw-p 0001b000 08:01 4310                       /usr/local/openjdk-8/jre/lib/amd64/libzip.so
7fe9eadab000-7fe9eadb5000 r-xp 00000000 08:01 2091501                    /lib/x86_64-linux-gnu/libnss_files-2.24.so
7fe9eadb5000-7fe9eafb5000 ---p 0000a000 08:01 2091501                    /lib/x86_64-linux-gnu/libnss_files-2.24.so
7fe9eafb5000-7fe9eafb6000 r--p 0000a000 08:01 2091501                    /lib/x86_64-linux-gnu/libnss_files-2.24.so
7fe9eafb6000-7fe9eafb7000 rw-p 0000b000 08:01 2091501                    /lib/x86_64-linux-gnu/libnss_files-2.24.so
7fe9eafb7000-7fe9eafbd000 rw-p 00000000 00:00 0 
7fe9eafbd000-7fe9eafc8000 r-xp 00000000 08:01 2091505                    /lib/x86_64-linux-gnu/libnss_nis-2.24.so
7fe9eafc8000-7fe9eb1c7000 ---p 0000b000 08:01 2091505                    /lib/x86_64-linux-gnu/libnss_nis-2.24.so
7fe9eb1c7000-7fe9eb1c8000 r--p 0000a000 08:01 2091505                    /lib/x86_64-linux-gnu/libnss_nis-2.24.so
7fe9eb1c8000-7fe9eb1c9000 rw-p 0000b000 08:01 2091505                    /lib/x86_64-linux-gnu/libnss_nis-2.24.so
7fe9eb1c9000-7fe9eb1dd000 r-xp 00000000 08:01 2091495                    /lib/x86_64-linux-gnu/libnsl-2.24.so
7fe9eb1dd000-7fe9eb3dd000 ---p 00014000 08:01 2091495                    /lib/x86_64-linux-gnu/libnsl-2.24.so
7fe9eb3dd000-7fe9eb3de000 r--p 00014000 08:01 2091495                    /lib/x86_64-linux-gnu/libnsl-2.24.so
7fe9eb3de000-7fe9eb3df000 rw-p 00015000 08:01 2091495                    /lib/x86_64-linux-gnu/libnsl-2.24.so
7fe9eb3df000-7fe9eb3e1000 rw-p 00000000 00:00 0 
7fe9eb3e1000-7fe9eb3e8000 r-xp 00000000 08:01 2091497                    /lib/x86_64-linux-gnu/libnss_compat-2.24.so
7fe9eb3e8000-7fe9eb5e7000 ---p 00007000 08:01 2091497                    /lib/x86_64-linux-gnu/libnss_compat-2.24.so
7fe9eb5e7000-7fe9eb5e8000 r--p 00006000 08:01 2091497                    /lib/x86_64-linux-gnu/libnss_compat-2.24.so
7fe9eb5e8000-7fe9eb5e9000 rw-p 00007000 08:01 2091497                    /lib/x86_64-linux-gnu/libnss_compat-2.24.so
7fe9eb5e9000-7fe9eb611000 r-xp 00000000 08:01 4289                       /usr/local/openjdk-8/jre/lib/amd64/libjava.so
7fe9eb611000-7fe9eb810000 ---p 00028000 08:01 4289                       /usr/local/openjdk-8/jre/lib/amd64/libjava.so
7fe9eb810000-7fe9eb811000 r--p 00027000 08:01 4289                       /usr/local/openjdk-8/jre/lib/amd64/libjava.so
7fe9eb811000-7fe9eb813000 rw-p 00028000 08:01 4289                       /usr/local/openjdk-8/jre/lib/amd64/libjava.so
7fe9eb813000-7fe9eb821000 r-xp 00000000 08:01 4309                       /usr/local/openjdk-8/jre/lib/amd64/libverify.so
7fe9eb821000-7fe9eba20000 ---p 0000e000 08:01 4309                       /usr/local/openjdk-8/jre/lib/amd64/libverify.so
7fe9eba20000-7fe9eba22000 r--p 0000d000 08:01 4309                       /usr/local/openjdk-8/jre/lib/amd64/libverify.so
7fe9eba22000-7fe9eba23000 rw-p 0000f000 08:01 4309                       /usr/local/openjdk-8/jre/lib/amd64/libverify.so
7fe9eba23000-7fe9eba2a000 r-xp 00000000 08:01 2091522                    /lib/x86_64-linux-gnu/librt-2.24.so
7fe9eba2a000-7fe9ebc29000 ---p 00007000 08:01 2091522                    /lib/x86_64-linux-gnu/librt-2.24.so
7fe9ebc29000-7fe9ebc2a000 r--p 00006000 08:01 2091522                    /lib/x86_64-linux-gnu/librt-2.24.so
7fe9ebc2a000-7fe9ebc2b000 rw-p 00007000 08:01 2091522                    /lib/x86_64-linux-gnu/librt-2.24.so
7fe9ebc2b000-7fe9ebd2e000 r-xp 00000000 08:01 2091484                    /lib/x86_64-linux-gnu/libm-2.24.so
7fe9ebd2e000-7fe9ebf2d000 ---p 00103000 08:01 2091484                    /lib/x86_64-linux-gnu/libm-2.24.so
7fe9ebf2d000-7fe9ebf2e000 r--p 00102000 08:01 2091484                    /lib/x86_64-linux-gnu/libm-2.24.so
7fe9ebf2e000-7fe9ebf2f000 rw-p 00103000 08:01 2091484                    /lib/x86_64-linux-gnu/libm-2.24.so
7fe9ebf2f000-7fe9ecb84000 r-xp 00000000 08:01 4314                       /usr/local/openjdk-8/jre/lib/amd64/server/libjvm.so
7fe9ecb84000-7fe9ecd83000 ---p 00c55000 08:01 4314                       /usr/local/openjdk-8/jre/lib/amd64/server/libjvm.so
7fe9ecd83000-7fe9ece2b000 r--p 00c54000 08:01 4314                       /usr/local/openjdk-8/jre/lib/amd64/server/libjvm.so
7fe9ece2b000-7fe9ece53000 rw-p 00cfc000 08:01 4314                       /usr/local/openjdk-8/jre/lib/amd64/server/libjvm.so
7fe9ece53000-7fe9ece96000 rw-p 00000000 00:00 0 
7fe9ece96000-7fe9ed02b000 r-xp 00000000 08:01 2091455                    /lib/x86_64-linux-gnu/libc-2.24.so
7fe9ed02b000-7fe9ed22b000 ---p 00195000 08:01 2091455                    /lib/x86_64-linux-gnu/libc-2.24.so
7fe9ed22b000-7fe9ed22f000 r--p 00195000 08:01 2091455                    /lib/x86_64-linux-gnu/libc-2.24.so
7fe9ed22f000-7fe9ed231000 rw-p 00199000 08:01 2091455                    /lib/x86_64-linux-gnu/libc-2.24.so
7fe9ed231000-7fe9ed235000 rw-p 00000000 00:00 0 
7fe9ed235000-7fe9ed238000 r-xp 00000000 08:01 2091467                    /lib/x86_64-linux-gnu/libdl-2.24.so
7fe9ed238000-7fe9ed437000 ---p 00003000 08:01 2091467                    /lib/x86_64-linux-gnu/libdl-2.24.so
7fe9ed437000-7fe9ed438000 r--p 00002000 08:01 2091467                    /lib/x86_64-linux-gnu/libdl-2.24.so
7fe9ed438000-7fe9ed439000 rw-p 00003000 08:01 2091467                    /lib/x86_64-linux-gnu/libdl-2.24.so
7fe9ed439000-7fe9ed44f000 r-xp 00000000 08:01 4384                       /usr/local/openjdk-8/lib/amd64/jli/libjli.so
7fe9ed44f000-7fe9ed64e000 ---p 00016000 08:01 4384                       /usr/local/openjdk-8/lib/amd64/jli/libjli.so
7fe9ed64e000-7fe9ed64f000 r--p 00015000 08:01 4384                       /usr/local/openjdk-8/lib/amd64/jli/libjli.so
7fe9ed64f000-7fe9ed650000 rw-p 00016000 08:01 4384                       /usr/local/openjdk-8/lib/amd64/jli/libjli.so
7fe9ed650000-7fe9ed668000 r-xp 00000000 08:01 2091518                    /lib/x86_64-linux-gnu/libpthread-2.24.so
7fe9ed668000-7fe9ed867000 ---p 00018000 08:01 2091518                    /lib/x86_64-linux-gnu/libpthread-2.24.so
7fe9ed867000-7fe9ed868000 r--p 00017000 08:01 2091518                    /lib/x86_64-linux-gnu/libpthread-2.24.so
7fe9ed868000-7fe9ed869000 rw-p 00018000 08:01 2091518                    /lib/x86_64-linux-gnu/libpthread-2.24.so
7fe9ed869000-7fe9ed86d000 rw-p 00000000 00:00 0 
7fe9ed86d000-7fe9ed890000 r-xp 00000000 08:01 2091437                    /lib/x86_64-linux-gnu/ld-2.24.so
7fe9ed897000-7fe9ed97f000 rw-p 00000000 00:00 0 
7fe9ed97f000-7fe9ed987000 rw-s 00000000 08:01 262299                     /tmp/hsperfdata_root/71
7fe9ed987000-7fe9ed98b000 ---p 00000000 00:00 0 
7fe9ed98b000-7fe9eda8c000 rw-p 00000000 00:00 0 
7fe9eda8e000-7fe9eda8f000 rw-p 00000000 00:00 0 
7fe9eda8f000-7fe9eda90000 r--p 00000000 00:00 0 
7fe9eda90000-7fe9eda91000 r--p 00023000 08:01 2091437                    /lib/x86_64-linux-gnu/ld-2.24.so
7fe9eda91000-7fe9eda92000 rw-p 00024000 08:01 2091437                    /lib/x86_64-linux-gnu/ld-2.24.so
7fe9eda92000-7fe9eda93000 rw-p 00000000 00:00 0 
7ffdc74e0000-7ffdc7501000 rw-p 00000000 00:00 0                          [stack]
7ffdc75b0000-7ffdc75b3000 r--p 00000000 00:00 0                          [vvar]
7ffdc75b3000-7ffdc75b5000 r-xp 00000000 00:00 0                          [vdso]
ffffffffff600000-ffffffffff601000 r-xp 00000000 00:00 0                  [vsyscall]

VM Arguments:
jvm_args: -Xms1024m -Xmx1024m -XX:ReservedCodeCacheSize=128m -XX:MaxMetaspaceSize=256m 
java_command: /usr/share/sbt/bin/sbt-launch.jar
java_class_path (initial): /usr/share/sbt/bin/sbt-launch.jar
Launcher Type: SUN_STANDARD

Environment Variables:
JAVA_HOME=/usr/local/openjdk-8
PATH=/usr/local/openjdk-8/bin:/usr/local/sbin:/usr/local/bin:/usr/sbin:/usr/bin:/sbin:/bin

Signal Handlers:
SIGSEGV: [libjvm.so+0xa4c9c0], sa_mask[0]=11111111011111111101111111111110, sa_flags=SA_RESTART|SA_SIGINFO
SIGBUS: [libjvm.so+0xa4c9c0], sa_mask[0]=11111111011111111101111111111110, sa_flags=SA_RESTART|SA_SIGINFO
SIGFPE: [libjvm.so+0x8b51e0], sa_mask[0]=11111111011111111101111111111110, sa_flags=SA_RESTART|SA_SIGINFO
SIGPIPE: [libjvm.so+0x8b51e0], sa_mask[0]=11111111011111111101111111111110, sa_flags=SA_RESTART|SA_SIGINFO
SIGXFSZ: [libjvm.so+0x8b51e0], sa_mask[0]=11111111011111111101111111111110, sa_flags=SA_RESTART|SA_SIGINFO
SIGILL: [libjvm.so+0x8b51e0], sa_mask[0]=11111111011111111101111111111110, sa_flags=SA_RESTART|SA_SIGINFO
SIGUSR1: SIG_DFL, sa_mask[0]=00000000000000000000000000000000, sa_flags=none
SIGUSR2: [libjvm.so+0x8b6990], sa_mask[0]=00000000000000000000000000000000, sa_flags=SA_RESTART|SA_SIGINFO
SIGHUP: SIG_DFL, sa_mask[0]=00000000000000000000000000000000, sa_flags=none
SIGINT: SIG_DFL, sa_mask[0]=00000000000000000000000000000000, sa_flags=none
SIGTERM: SIG_DFL, sa_mask[0]=00000000000000000000000000000000, sa_flags=none
SIGQUIT: SIG_DFL, sa_mask[0]=00000000000000000000000000000000, sa_flags=none


---------------  S Y S T E M  ---------------

OS:PRETTY_NAME="Debian GNU/Linux 9 (stretch)"
NAME="Debian GNU/Linux"
VERSION_ID="9"
VERSION="9 (stretch)"
ID=debian
HOME_URL="https://www.debian.org/"
SUPPORT_URL="https://www.debian.org/support"
BUG_REPORT_URL="https://bugs.debian.org/"

uname:Linux 4.14.141-boot2docker #1 SMP Wed Sep 4 19:02:58 UTC 2019 x86_64
libc:glibc 2.24 NPTL 2.24 
rlimit: STACK 8192k, CORE infinity, NPROC infinity, NOFILE 1048576, AS infinity
load average:0.39 0.12 0.04

/proc/meminfo:
MemTotal:        1013132 kB
MemFree:           26496 kB
MemAvailable:      48448 kB
Buffers:            2096 kB
Cached:            58896 kB
SwapCached:        10068 kB
Active:           436928 kB
Inactive:         405788 kB
Active(anon):     420360 kB
Inactive(anon):   394988 kB
Active(file):      16568 kB
Inactive(file):    10800 kB
Unevictable:           0 kB
Mlocked:               0 kB
SwapTotal:       1203228 kB
SwapFree:         387332 kB
Dirty:               184 kB
Writeback:             0 kB
AnonPages:        776712 kB
Mapped:            40624 kB
Shmem:             33612 kB
Slab:              30000 kB
SReclaimable:      13956 kB
SUnreclaim:        16044 kB
KernelStack:        3168 kB
PageTables:         4636 kB
NFS_Unstable:          0 kB
Bounce:                0 kB
WritebackTmp:          0 kB
CommitLimit:     1709792 kB
Committed_AS:    3930528 kB
VmallocTotal:   34359738367 kB
VmallocUsed:           0 kB
VmallocChunk:          0 kB
HugePages_Total:       0
HugePages_Free:        0
HugePages_Rsvd:        0
HugePages_Surp:        0
Hugepagesize:       2048 kB
DirectMap4k:       42944 kB
DirectMap2M:     1005568 kB

container (cgroup) information:
container_type: cgroupv1
cpu_cpuset_cpus: 0
cpu_memory_nodes: 0
active_processor_count: 1
cpu_quota: -1
cpu_period: 100000
cpu_shares: -1
memory_limit_in_bytes: -1
memory_and_swap_limit_in_bytes: -1
memory_soft_limit_in_bytes: -1
memory_usage_in_bytes: 16052224
memory_max_usage_in_bytes: 18931712


CPU:total 1 (initial active 1) (1 cores per cpu, 1 threads per core) family 6 model 142 stepping 10, cmov, cx8, fxsr, mmx, sse, sse2, sse3, ssse3, sse4.1, sse4.2, popcnt, avx, avx2, aes, clmul, 3dnowpref, lzcnt, tsc, tscinvbit

/proc/cpuinfo:
processor	: 0
vendor_id	: GenuineIntel
cpu family	: 6
model		: 142
model name	: Intel(R) Core(TM) i7-8550U CPU @ 1.80GHz
stepping	: 10
cpu MHz		: 1992.000
cache size	: 8192 KB
physical id	: 0
siblings	: 1
core id		: 0
cpu cores	: 1
apicid		: 0
initial apicid	: 0
fpu		: yes
fpu_exception	: yes
cpuid level	: 22
wp		: yes
flags		: fpu vme de pse tsc msr pae mce cx8 apic sep mtrr pge mca cmov pat pse36 clflush mmx fxsr sse sse2 syscall nx rdtscp lm constant_tsc rep_good nopl xtopology nonstop_tsc cpuid tsc_known_freq pni pclmulqdq monitor ssse3 cx16 pcid sse4_1 sse4_2 movbe popcnt aes xsave avx rdrand hypervisor lahf_lm abm 3dnowprefetch invpcid_single pti fsgsbase avx2 invpcid rdseed clflushopt flush_l1d
bugs		: cpu_meltdown spectre_v1 spectre_v2 spec_store_bypass l1tf mds swapgs
bogomips	: 3984.00
clflush size	: 64
cache_alignment	: 64
address sizes	: 39 bits physical, 48 bits virtual
power management:



Memory: 4k page, physical 1013132k(26496k free), swap 1203228k(387332k free)

vm_info: OpenJDK 64-Bit Server VM (25.222-b10) for linux-amd64 JRE (1.8.0_222-b10), built on Jul 11 2019 10:18:43 by "openjdk" with gcc 4.4.7 20120313 (Red Hat 4.4.7-23)

time: Sun Sep 22 20:53:24 2019
timezone: UTC
elapsed time: 0 seconds (0d 0h 0m 0s)

